\BOOKMARK [0][-]{chapter.1}{\376\377\0001\000\040\000D\000i\000s\000t\000r\000i\000b\000u\000t\000e\000d\000\040\000D\000o\000c\000u\000m\000e\000n\000t\000\040\000C\000l\000a\000s\000s\000i\000f\000i\000e\000r}{}% 1
\BOOKMARK [1][-]{section.1.1}{\376\377\0001\000.\0001\000\040\000O\000v\000e\000r\000v\000i\000e\000w}{chapter.1}% 2
\BOOKMARK [1][-]{section.1.2}{\376\377\0001\000.\0002\000\040\000A\000r\000c\000h\000i\000t\000e\000c\000t\000u\000r\000e}{chapter.1}% 3
\BOOKMARK [1][-]{section.1.3}{\376\377\0001\000.\0003\000\040\000G\000A\000S\000P\000I\000\040\000M\000e\000m\000o\000r\000y\000\040\000S\000e\000g\000m\000e\000n\000t\000s}{chapter.1}% 4
\BOOKMARK [1][-]{section.1.4}{\376\377\0001\000.\0004\000\040\000F\000l\000o\000w\000\040\000D\000i\000a\000g\000r\000a\000m}{chapter.1}% 5
\BOOKMARK [1][-]{section.1.5}{\376\377\0001\000.\0005\000\040\000P\000r\000o\000j\000e\000c\000t\000\040\000S\000t\000r\000u\000c\000t\000u\000r\000e}{chapter.1}% 6
\BOOKMARK [1][-]{section.1.6}{\376\377\0001\000.\0006\000\040\000R\000e\000q\000u\000i\000r\000e\000m\000e\000n\000t\000s}{chapter.1}% 7
\BOOKMARK [1][-]{section.1.7}{\376\377\0001\000.\0007\000\040\000E\000n\000v\000i\000r\000o\000n\000m\000e\000n\000t\000\040\000S\000e\000t\000u\000p}{chapter.1}% 8
\BOOKMARK [1][-]{section.1.8}{\376\377\0001\000.\0008\000\040\000B\000u\000i\000l\000d}{chapter.1}% 9
\BOOKMARK [1][-]{section.1.9}{\376\377\0001\000.\0009\000\040\000R\000u\000n\000n\000i\000n\000g\000\040\000t\000h\000e\000\040\000C\000l\000a\000s\000s\000i\000f\000i\000e\000r}{chapter.1}% 10
\BOOKMARK [1][-]{section.1.10}{\376\377\0001\000.\0001\0000\000\040\000R\000u\000n\000n\000i\000n\000g\000\040\000T\000e\000s\000t\000s}{chapter.1}% 11
\BOOKMARK [1][-]{section.1.11}{\376\377\0001\000.\0001\0001\000\040\000D\000o\000c\000u\000m\000e\000n\000t\000a\000t\000i\000o\000n}{chapter.1}% 12
\BOOKMARK [1][-]{section.1.12}{\376\377\0001\000.\0001\0002\000\040\000L\000i\000c\000e\000n\000s\000e}{chapter.1}% 13
\BOOKMARK [1][-]{section.1.13}{\376\377\0001\000.\0001\0003\000\040\000R\000e\000f\000e\000r\000e\000n\000c\000e\000s}{chapter.1}% 14
\BOOKMARK [0][-]{chapter.2}{\376\377\0002\000\040\000D\000a\000t\000a\000\040\000S\000t\000r\000u\000c\000t\000u\000r\000e\000\040\000I\000n\000d\000e\000x}{}% 15
\BOOKMARK [1][-]{section.2.1}{\376\377\0002\000.\0001\000\040\000D\000a\000t\000a\000\040\000S\000t\000r\000u\000c\000t\000u\000r\000e\000s}{chapter.2}% 16
\BOOKMARK [0][-]{chapter.3}{\376\377\0003\000\040\000F\000i\000l\000e\000\040\000I\000n\000d\000e\000x}{}% 17
\BOOKMARK [1][-]{section.3.1}{\376\377\0003\000.\0001\000\040\000F\000i\000l\000e\000\040\000L\000i\000s\000t}{chapter.3}% 18
\BOOKMARK [0][-]{chapter.4}{\376\377\0004\000\040\000D\000a\000t\000a\000\040\000S\000t\000r\000u\000c\000t\000u\000r\000e\000\040\000D\000o\000c\000u\000m\000e\000n\000t\000a\000t\000i\000o\000n}{}% 19
\BOOKMARK [1][-]{section.4.1}{\376\377\0004\000.\0001\000\040\000n\000o\000d\000e\000\040\000S\000t\000r\000u\000c\000t\000\040\000R\000e\000f\000e\000r\000e\000n\000c\000e}{chapter.4}% 20
\BOOKMARK [2][-]{subsection.4.1.1}{\376\377\0004\000.\0001\000.\0001\000\040\000D\000e\000t\000a\000i\000l\000e\000d\000\040\000D\000e\000s\000c\000r\000i\000p\000t\000i\000o\000n}{section.4.1}% 21
\BOOKMARK [2][-]{subsection.4.1.2}{\376\377\0004\000.\0001\000.\0002\000\040\000F\000i\000e\000l\000d\000\040\000D\000o\000c\000u\000m\000e\000n\000t\000a\000t\000i\000o\000n}{section.4.1}% 22
\BOOKMARK [3][-]{subsubsection.4.1.2.1}{\376\377\0004\000.\0001\000.\0002\000.\0001\000\040\000i\000n\000d\000e\000x}{subsection.4.1.2}% 23
\BOOKMARK [3][-]{subsubsection.4.1.2.2}{\376\377\0004\000.\0001\000.\0002\000.\0002\000\040\000n\000e\000x\000t}{subsection.4.1.2}% 24
\BOOKMARK [3][-]{subsubsection.4.1.2.3}{\376\377\0004\000.\0001\000.\0002\000.\0003\000\040\000w\000o\000r\000d}{subsection.4.1.2}% 25
\BOOKMARK [1][-]{section.4.2}{\376\377\0004\000.\0002\000\040\000N\000o\000d\000e\000\040\000S\000t\000r\000u\000c\000t\000\040\000R\000e\000f\000e\000r\000e\000n\000c\000e}{chapter.4}% 26
\BOOKMARK [2][-]{subsection.4.2.1}{\376\377\0004\000.\0002\000.\0001\000\040\000D\000e\000t\000a\000i\000l\000e\000d\000\040\000D\000e\000s\000c\000r\000i\000p\000t\000i\000o\000n}{section.4.2}% 27
\BOOKMARK [0][-]{chapter.5}{\376\377\0005\000\040\000F\000i\000l\000e\000\040\000D\000o\000c\000u\000m\000e\000n\000t\000a\000t\000i\000o\000n}{}% 28
\BOOKMARK [1][-]{section.5.1}{\376\377\0005\000.\0001\000\040\000m\000a\000i\000n\000p\000a\000g\000e\000.\000d\000o\000x\000\040\000F\000i\000l\000e\000\040\000R\000e\000f\000e\000r\000e\000n\000c\000e}{chapter.5}% 29
\BOOKMARK [1][-]{section.5.2}{\376\377\0005\000.\0002\000\040\000c\000l\000a\000s\000s\000i\000f\000i\000e\000r\000.\000h\000\040\000F\000i\000l\000e\000\040\000R\000e\000f\000e\000r\000e\000n\000c\000e}{chapter.5}% 30
\BOOKMARK [2][-]{subsection.5.2.1}{\376\377\0005\000.\0002\000.\0001\000\040\000D\000e\000t\000a\000i\000l\000e\000d\000\040\000D\000e\000s\000c\000r\000i\000p\000t\000i\000o\000n}{section.5.2}% 31
\BOOKMARK [2][-]{subsection.5.2.2}{\376\377\0005\000.\0002\000.\0002\000\040\000M\000a\000c\000r\000o\000\040\000D\000e\000f\000i\000n\000i\000t\000i\000o\000n\000\040\000D\000o\000c\000u\000m\000e\000n\000t\000a\000t\000i\000o\000n}{section.5.2}% 32
\BOOKMARK [3][-]{subsubsection.5.2.2.1}{\376\377\0005\000.\0002\000.\0002\000.\0001\000\040\000C\000L\000A\000S\000S\000I\000F\000Y\000\137\000T\000O\000K\000E\000N\000S}{subsection.5.2.2}% 33
\BOOKMARK [2][-]{subsection.5.2.3}{\376\377\0005\000.\0002\000.\0003\000\040\000F\000u\000n\000c\000t\000i\000o\000n\000\040\000D\000o\000c\000u\000m\000e\000n\000t\000a\000t\000i\000o\000n}{section.5.2}% 34
\BOOKMARK [3][-]{subsubsection.5.2.3.1}{\376\377\0005\000.\0002\000.\0003\000.\0001\000\040\000c\000l\000a\000s\000s\000i\000f\000y\000\137\000t\000e\000x\000t\000\050\000\051}{subsection.5.2.3}% 35
\BOOKMARK [1][-]{section.5.3}{\376\377\0005\000.\0003\000\040\000c\000l\000a\000s\000s\000i\000f\000i\000e\000r\000.\000h}{chapter.5}% 36
\BOOKMARK [1][-]{section.5.4}{\376\377\0005\000.\0004\000\040\000f\000i\000l\000e\000\137\000u\000t\000i\000l\000s\000.\000h\000\040\000F\000i\000l\000e\000\040\000R\000e\000f\000e\000r\000e\000n\000c\000e}{chapter.5}% 37
\BOOKMARK [2][-]{subsection.5.4.1}{\376\377\0005\000.\0004\000.\0001\000\040\000D\000e\000t\000a\000i\000l\000e\000d\000\040\000D\000e\000s\000c\000r\000i\000p\000t\000i\000o\000n}{section.5.4}% 38
\BOOKMARK [2][-]{subsection.5.4.2}{\376\377\0005\000.\0004\000.\0002\000\040\000F\000u\000n\000c\000t\000i\000o\000n\000\040\000D\000o\000c\000u\000m\000e\000n\000t\000a\000t\000i\000o\000n}{section.5.4}% 39
\BOOKMARK [3][-]{subsubsection.5.4.2.1}{\376\377\0005\000.\0004\000.\0002\000.\0001\000\040\000b\000r\000o\000a\000d\000c\000a\000s\000t\000\137\000d\000i\000c\000t\000i\000o\000n\000a\000r\000y\000\050\000\051}{subsection.5.4.2}% 40
\BOOKMARK [3][-]{subsubsection.5.4.2.2}{\376\377\0005\000.\0004\000.\0002\000.\0002\000\040\000l\000i\000s\000t\000\137\000t\000x\000t\000\137\000f\000i\000l\000e\000s\000\050\000\051}{subsection.5.4.2}% 41
\BOOKMARK [3][-]{subsubsection.5.4.2.3}{\376\377\0005\000.\0004\000.\0002\000.\0003\000\040\000o\000p\000e\000n\000\137\000o\000u\000t\000p\000u\000t\000\137\000f\000i\000l\000e\000\050\000\051}{subsection.5.4.2}% 42
\BOOKMARK [3][-]{subsubsection.5.4.2.4}{\376\377\0005\000.\0004\000.\0002\000.\0004\000\040\000r\000e\000a\000d\000\137\000d\000i\000c\000t\000i\000o\000n\000a\000r\000y\000\050\000\051}{subsection.5.4.2}% 43
\BOOKMARK [3][-]{subsubsection.5.4.2.5}{\376\377\0005\000.\0004\000.\0002\000.\0005\000\040\000r\000e\000a\000d\000\137\000f\000i\000l\000e\000\137\000c\000o\000n\000t\000e\000n\000t\000\050\000\051}{subsection.5.4.2}% 44
\BOOKMARK [3][-]{subsubsection.5.4.2.6}{\376\377\0005\000.\0004\000.\0002\000.\0006\000\040\000r\000e\000c\000e\000i\000v\000e\000\137\000d\000i\000c\000t\000i\000o\000n\000a\000r\000y\000\050\000\051}{subsection.5.4.2}% 45
\BOOKMARK [1][-]{section.5.5}{\376\377\0005\000.\0005\000\040\000f\000i\000l\000e\000\137\000u\000t\000i\000l\000s\000.\000h}{chapter.5}% 46
\BOOKMARK [1][-]{section.5.6}{\376\377\0005\000.\0006\000\040\000g\000a\000s\000p\000i\000\137\000u\000t\000i\000l\000s\000.\000h\000\040\000F\000i\000l\000e\000\040\000R\000e\000f\000e\000r\000e\000n\000c\000e}{chapter.5}% 47
\BOOKMARK [2][-]{subsection.5.6.1}{\376\377\0005\000.\0006\000.\0001\000\040\000D\000e\000t\000a\000i\000l\000e\000d\000\040\000D\000e\000s\000c\000r\000i\000p\000t\000i\000o\000n}{section.5.6}% 48
\BOOKMARK [2][-]{subsection.5.6.2}{\376\377\0005\000.\0006\000.\0002\000\040\000M\000a\000c\000r\000o\000\040\000D\000e\000f\000i\000n\000i\000t\000i\000o\000n\000\040\000D\000o\000c\000u\000m\000e\000n\000t\000a\000t\000i\000o\000n}{section.5.6}% 49
\BOOKMARK [3][-]{subsubsection.5.6.2.1}{\376\377\0005\000.\0006\000.\0002\000.\0001\000\040\000D\000I\000C\000T\000\137\000S\000E\000G\000M\000E\000N\000T\000\137\000I\000D}{subsection.5.6.2}% 50
\BOOKMARK [3][-]{subsubsection.5.6.2.2}{\376\377\0005\000.\0006\000.\0002\000.\0002\000\040\000G\000A\000S\000P\000I\000\137\000C\000H\000E\000C\000K}{subsection.5.6.2}% 51
\BOOKMARK [3][-]{subsubsection.5.6.2.3}{\376\377\0005\000.\0006\000.\0002\000.\0003\000\040\000R\000E\000S\000U\000L\000T\000\137\000O\000F\000F\000S\000E\000T}{subsection.5.6.2}% 52
\BOOKMARK [3][-]{subsubsection.5.6.2.4}{\376\377\0005\000.\0006\000.\0002\000.\0004\000\040\000R\000E\000S\000U\000L\000T\000\137\000S\000E\000G\000M\000E\000N\000T\000\137\000I\000D}{subsection.5.6.2}% 53
\BOOKMARK [3][-]{subsubsection.5.6.2.5}{\376\377\0005\000.\0006\000.\0002\000.\0005\000\040\000W\000O\000R\000K\000\137\000O\000F\000F\000S\000E\000T}{subsection.5.6.2}% 54
\BOOKMARK [3][-]{subsubsection.5.6.2.6}{\376\377\0005\000.\0006\000.\0002\000.\0006\000\040\000W\000O\000R\000K\000\137\000S\000E\000G\000M\000E\000N\000T\000\137\000I\000D}{subsection.5.6.2}% 55
\BOOKMARK [3][-]{subsubsection.5.6.2.7}{\376\377\0005\000.\0006\000.\0002\000.\0007\000\040\000W\000O\000R\000K\000E\000R\000\137\000D\000A\000T\000A\000\137\000S\000I\000Z\000E}{subsection.5.6.2}% 56
\BOOKMARK [2][-]{subsection.5.6.3}{\376\377\0005\000.\0006\000.\0003\000\040\000F\000u\000n\000c\000t\000i\000o\000n\000\040\000D\000o\000c\000u\000m\000e\000n\000t\000a\000t\000i\000o\000n}{section.5.6}% 57
\BOOKMARK [3][-]{subsubsection.5.6.3.1}{\376\377\0005\000.\0006\000.\0003\000.\0001\000\040\000c\000l\000e\000a\000n\000u\000p\000\137\000g\000a\000s\000p\000i\000\137\000s\000e\000g\000m\000e\000n\000t\000s\000\050\000\051}{subsection.5.6.3}% 58
\BOOKMARK [3][-]{subsubsection.5.6.3.2}{\376\377\0005\000.\0006\000.\0003\000.\0002\000\040\000i\000n\000i\000t\000\137\000g\000a\000s\000p\000i\000\137\000s\000e\000g\000m\000e\000n\000t\000s\000\050\000\051}{subsection.5.6.3}% 59
\BOOKMARK [1][-]{section.5.7}{\376\377\0005\000.\0007\000\040\000g\000a\000s\000p\000i\000\137\000u\000t\000i\000l\000s\000.\000h}{chapter.5}% 60
\BOOKMARK [1][-]{section.5.8}{\376\377\0005\000.\0008\000\040\000h\000a\000s\000h\000\137\000t\000a\000b\000l\000e\000.\000h\000\040\000F\000i\000l\000e\000\040\000R\000e\000f\000e\000r\000e\000n\000c\000e}{chapter.5}% 61
\BOOKMARK [2][-]{subsection.5.8.1}{\376\377\0005\000.\0008\000.\0001\000\040\000D\000e\000t\000a\000i\000l\000e\000d\000\040\000D\000e\000s\000c\000r\000i\000p\000t\000i\000o\000n}{section.5.8}% 62
\BOOKMARK [2][-]{subsection.5.8.2}{\376\377\0005\000.\0008\000.\0002\000\040\000M\000a\000c\000r\000o\000\040\000D\000e\000f\000i\000n\000i\000t\000i\000o\000n\000\040\000D\000o\000c\000u\000m\000e\000n\000t\000a\000t\000i\000o\000n}{section.5.8}% 63
\BOOKMARK [3][-]{subsubsection.5.8.2.1}{\376\377\0005\000.\0008\000.\0002\000.\0001\000\040\000H\000A\000S\000H\000\137\000S\000I\000Z\000E}{subsection.5.8.2}% 64
\BOOKMARK [2][-]{subsection.5.8.3}{\376\377\0005\000.\0008\000.\0003\000\040\000T\000y\000p\000e\000d\000e\000f\000\040\000D\000o\000c\000u\000m\000e\000n\000t\000a\000t\000i\000o\000n}{section.5.8}% 65
\BOOKMARK [3][-]{subsubsection.5.8.3.1}{\376\377\0005\000.\0008\000.\0003\000.\0001\000\040\000N\000o\000d\000e}{subsection.5.8.3}% 66
\BOOKMARK [2][-]{subsection.5.8.4}{\376\377\0005\000.\0008\000.\0004\000\040\000F\000u\000n\000c\000t\000i\000o\000n\000\040\000D\000o\000c\000u\000m\000e\000n\000t\000a\000t\000i\000o\000n}{section.5.8}% 67
\BOOKMARK [3][-]{subsubsection.5.8.4.1}{\376\377\0005\000.\0008\000.\0004\000.\0001\000\040\000c\000l\000e\000a\000r\000\137\000h\000a\000s\000h\000\137\000t\000a\000b\000l\000e\000\050\000\051}{subsection.5.8.4}% 68
\BOOKMARK [3][-]{subsubsection.5.8.4.2}{\376\377\0005\000.\0008\000.\0004\000.\0002\000\040\000f\000i\000n\000d\000\137\000w\000o\000r\000d\000\050\000\051}{subsection.5.8.4}% 69
\BOOKMARK [3][-]{subsubsection.5.8.4.3}{\376\377\0005\000.\0008\000.\0004\000.\0003\000\040\000h\000a\000s\000h\000\137\000f\000u\000n\000c\000\050\000\051}{subsection.5.8.4}% 70
\BOOKMARK [3][-]{subsubsection.5.8.4.4}{\376\377\0005\000.\0008\000.\0004\000.\0004\000\040\000i\000n\000s\000e\000r\000t\000\137\000w\000o\000r\000d\000\050\000\051}{subsection.5.8.4}% 71
\BOOKMARK [3][-]{subsubsection.5.8.4.5}{\376\377\0005\000.\0008\000.\0004\000.\0005\000\040\000t\000o\000\137\000l\000o\000w\000e\000r\000\050\000\051}{subsection.5.8.4}% 72
\BOOKMARK [2][-]{subsection.5.8.5}{\376\377\0005\000.\0008\000.\0005\000\040\000V\000a\000r\000i\000a\000b\000l\000e\000\040\000D\000o\000c\000u\000m\000e\000n\000t\000a\000t\000i\000o\000n}{section.5.8}% 73
\BOOKMARK [3][-]{subsubsection.5.8.5.1}{\376\377\0005\000.\0008\000.\0005\000.\0001\000\040\000h\000a\000s\000h\000\137\000t\000a\000b\000l\000e}{subsection.5.8.5}% 74
\BOOKMARK [1][-]{section.5.9}{\376\377\0005\000.\0009\000\040\000h\000a\000s\000h\000\137\000t\000a\000b\000l\000e\000.\000h}{chapter.5}% 75
\BOOKMARK [1][-]{section.5.10}{\376\377\0005\000.\0001\0000\000\040\000m\000a\000n\000a\000g\000e\000r\000.\000h\000\040\000F\000i\000l\000e\000\040\000R\000e\000f\000e\000r\000e\000n\000c\000e}{chapter.5}% 76
\BOOKMARK [2][-]{subsection.5.10.1}{\376\377\0005\000.\0001\0000\000.\0001\000\040\000D\000e\000t\000a\000i\000l\000e\000d\000\040\000D\000e\000s\000c\000r\000i\000p\000t\000i\000o\000n}{section.5.10}% 77
\BOOKMARK [2][-]{subsection.5.10.2}{\376\377\0005\000.\0001\0000\000.\0002\000\040\000F\000u\000n\000c\000t\000i\000o\000n\000\040\000D\000o\000c\000u\000m\000e\000n\000t\000a\000t\000i\000o\000n}{section.5.10}% 78
\BOOKMARK [3][-]{subsubsection.5.10.2.1}{\376\377\0005\000.\0001\0000\000.\0002\000.\0001\000\040\000m\000a\000n\000a\000g\000e\000r\000\050\000\051}{subsection.5.10.2}% 79
\BOOKMARK [1][-]{section.5.11}{\376\377\0005\000.\0001\0001\000\040\000m\000a\000n\000a\000g\000e\000r\000.\000h}{chapter.5}% 80
\BOOKMARK [1][-]{section.5.12}{\376\377\0005\000.\0001\0002\000\040\000m\000s\000g\000\137\000c\000o\000n\000s\000t\000s\000.\000h\000\040\000F\000i\000l\000e\000\040\000R\000e\000f\000e\000r\000e\000n\000c\000e}{chapter.5}% 81
\BOOKMARK [2][-]{subsection.5.12.1}{\376\377\0005\000.\0001\0002\000.\0001\000\040\000D\000e\000t\000a\000i\000l\000e\000d\000\040\000D\000e\000s\000c\000r\000i\000p\000t\000i\000o\000n}{section.5.12}% 82
\BOOKMARK [2][-]{subsection.5.12.2}{\376\377\0005\000.\0001\0002\000.\0002\000\040\000M\000a\000c\000r\000o\000\040\000D\000e\000f\000i\000n\000i\000t\000i\000o\000n\000\040\000D\000o\000c\000u\000m\000e\000n\000t\000a\000t\000i\000o\000n}{section.5.12}% 83
\BOOKMARK [3][-]{subsubsection.5.12.2.1}{\376\377\0005\000.\0001\0002\000.\0002\000.\0001\000\040\000M\000A\000X\000\137\000D\000O\000C\000\137\000S\000I\000Z\000E}{subsection.5.12.2}% 84
\BOOKMARK [3][-]{subsubsection.5.12.2.2}{\376\377\0005\000.\0001\0002\000.\0002\000.\0002\000\040\000M\000A\000X\000\137\000F\000I\000L\000E\000S}{subsection.5.12.2}% 85
\BOOKMARK [3][-]{subsubsection.5.12.2.3}{\376\377\0005\000.\0001\0002\000.\0002\000.\0003\000\040\000M\000A\000X\000\137\000K\000E\000Y\000W\000O\000R\000D\000S}{subsection.5.12.2}% 86
\BOOKMARK [3][-]{subsubsection.5.12.2.4}{\376\377\0005\000.\0001\0002\000.\0002\000.\0004\000\040\000M\000A\000X\000\137\000W\000O\000R\000D\000\137\000L\000E\000N}{subsection.5.12.2}% 87
\BOOKMARK [3][-]{subsubsection.5.12.2.5}{\376\377\0005\000.\0001\0002\000.\0002\000.\0005\000\040\000R\000E\000S\000U\000L\000T\000\137\000N\000O\000T\000I\000F\000\137\000I\000D}{subsection.5.12.2}% 88
\BOOKMARK [3][-]{subsubsection.5.12.2.6}{\376\377\0005\000.\0001\0002\000.\0002\000.\0006\000\040\000S\000H\000U\000T\000D\000O\000W\000N\000\137\000N\000O\000T\000I\000F}{subsection.5.12.2}% 89
\BOOKMARK [3][-]{subsubsection.5.12.2.7}{\376\377\0005\000.\0001\0002\000.\0002\000.\0007\000\040\000W\000O\000R\000K\000\137\000A\000V\000A\000I\000L\000A\000B\000L\000E\000\137\000N\000O\000T\000I\000F}{subsection.5.12.2}% 90
\BOOKMARK [3][-]{subsubsection.5.12.2.8}{\376\377\0005\000.\0001\0002\000.\0002\000.\0008\000\040\000W\000O\000R\000K\000\137\000D\000O\000N\000E\000\137\000N\000O\000T\000I\000F}{subsection.5.12.2}% 91
\BOOKMARK [3][-]{subsubsection.5.12.2.9}{\376\377\0005\000.\0001\0002\000.\0002\000.\0009\000\040\000W\000O\000R\000K\000\137\000N\000O\000T\000I\000F\000\137\000I\000D}{subsection.5.12.2}% 92
\BOOKMARK [1][-]{section.5.13}{\376\377\0005\000.\0001\0003\000\040\000m\000s\000g\000\137\000c\000o\000n\000s\000t\000s\000.\000h}{chapter.5}% 93
\BOOKMARK [1][-]{section.5.14}{\376\377\0005\000.\0001\0004\000\040\000w\000o\000r\000k\000e\000r\000.\000h\000\040\000F\000i\000l\000e\000\040\000R\000e\000f\000e\000r\000e\000n\000c\000e}{chapter.5}% 94
\BOOKMARK [2][-]{subsection.5.14.1}{\376\377\0005\000.\0001\0004\000.\0001\000\040\000D\000e\000t\000a\000i\000l\000e\000d\000\040\000D\000e\000s\000c\000r\000i\000p\000t\000i\000o\000n}{section.5.14}% 95
\BOOKMARK [2][-]{subsection.5.14.2}{\376\377\0005\000.\0001\0004\000.\0002\000\040\000F\000u\000n\000c\000t\000i\000o\000n\000\040\000D\000o\000c\000u\000m\000e\000n\000t\000a\000t\000i\000o\000n}{section.5.14}% 96
\BOOKMARK [3][-]{subsubsection.5.14.2.1}{\376\377\0005\000.\0001\0004\000.\0002\000.\0001\000\040\000w\000o\000r\000k\000e\000r\000\050\000\051}{subsection.5.14.2}% 97
\BOOKMARK [1][-]{section.5.15}{\376\377\0005\000.\0001\0005\000\040\000w\000o\000r\000k\000e\000r\000.\000h}{chapter.5}% 98
\BOOKMARK [1][-]{section.5.16}{\376\377\0005\000.\0001\0006\000\040\000c\000l\000a\000s\000s\000i\000f\000i\000e\000r\000.\000c\000\040\000F\000i\000l\000e\000\040\000R\000e\000f\000e\000r\000e\000n\000c\000e}{chapter.5}% 99
\BOOKMARK [2][-]{subsection.5.16.1}{\376\377\0005\000.\0001\0006\000.\0001\000\040\000D\000e\000t\000a\000i\000l\000e\000d\000\040\000D\000e\000s\000c\000r\000i\000p\000t\000i\000o\000n}{section.5.16}% 100
\BOOKMARK [2][-]{subsection.5.16.2}{\376\377\0005\000.\0001\0006\000.\0002\000\040\000F\000u\000n\000c\000t\000i\000o\000n\000\040\000D\000o\000c\000u\000m\000e\000n\000t\000a\000t\000i\000o\000n}{section.5.16}% 101
\BOOKMARK [3][-]{subsubsection.5.16.2.1}{\376\377\0005\000.\0001\0006\000.\0002\000.\0001\000\040\000c\000l\000a\000s\000s\000i\000f\000y\000\137\000t\000e\000x\000t\000\050\000\051}{subsection.5.16.2}% 102
\BOOKMARK [1][-]{section.5.17}{\376\377\0005\000.\0001\0007\000\040\000c\000l\000a\000s\000s\000i\000f\000i\000e\000r\000.\000c}{chapter.5}% 103
\BOOKMARK [1][-]{section.5.18}{\376\377\0005\000.\0001\0008\000\040\000f\000i\000l\000e\000\137\000u\000t\000i\000l\000s\000.\000c\000\040\000F\000i\000l\000e\000\040\000R\000e\000f\000e\000r\000e\000n\000c\000e}{chapter.5}% 104
\BOOKMARK [2][-]{subsection.5.18.1}{\376\377\0005\000.\0001\0008\000.\0001\000\040\000D\000e\000t\000a\000i\000l\000e\000d\000\040\000D\000e\000s\000c\000r\000i\000p\000t\000i\000o\000n}{section.5.18}% 105
\BOOKMARK [2][-]{subsection.5.18.2}{\376\377\0005\000.\0001\0008\000.\0002\000\040\000F\000u\000n\000c\000t\000i\000o\000n\000\040\000D\000o\000c\000u\000m\000e\000n\000t\000a\000t\000i\000o\000n}{section.5.18}% 106
\BOOKMARK [3][-]{subsubsection.5.18.2.1}{\376\377\0005\000.\0001\0008\000.\0002\000.\0001\000\040\000b\000r\000o\000a\000d\000c\000a\000s\000t\000\137\000d\000i\000c\000t\000i\000o\000n\000a\000r\000y\000\050\000\051}{subsection.5.18.2}% 107
\BOOKMARK [3][-]{subsubsection.5.18.2.2}{\376\377\0005\000.\0001\0008\000.\0002\000.\0002\000\040\000l\000i\000s\000t\000\137\000t\000x\000t\000\137\000f\000i\000l\000e\000s\000\050\000\051}{subsection.5.18.2}% 108
\BOOKMARK [3][-]{subsubsection.5.18.2.3}{\376\377\0005\000.\0001\0008\000.\0002\000.\0003\000\040\000o\000p\000e\000n\000\137\000o\000u\000t\000p\000u\000t\000\137\000f\000i\000l\000e\000\050\000\051}{subsection.5.18.2}% 109
\BOOKMARK [3][-]{subsubsection.5.18.2.4}{\376\377\0005\000.\0001\0008\000.\0002\000.\0004\000\040\000r\000e\000a\000d\000\137\000d\000i\000c\000t\000i\000o\000n\000a\000r\000y\000\050\000\051}{subsection.5.18.2}% 110
\BOOKMARK [3][-]{subsubsection.5.18.2.5}{\376\377\0005\000.\0001\0008\000.\0002\000.\0005\000\040\000r\000e\000a\000d\000\137\000f\000i\000l\000e\000\137\000c\000o\000n\000t\000e\000n\000t\000\050\000\051}{subsection.5.18.2}% 111
\BOOKMARK [3][-]{subsubsection.5.18.2.6}{\376\377\0005\000.\0001\0008\000.\0002\000.\0006\000\040\000r\000e\000c\000e\000i\000v\000e\000\137\000d\000i\000c\000t\000i\000o\000n\000a\000r\000y\000\050\000\051}{subsection.5.18.2}% 112
\BOOKMARK [1][-]{section.5.19}{\376\377\0005\000.\0001\0009\000\040\000f\000i\000l\000e\000\137\000u\000t\000i\000l\000s\000.\000c}{chapter.5}% 113
\BOOKMARK [1][-]{section.5.20}{\376\377\0005\000.\0002\0000\000\040\000g\000a\000s\000p\000i\000\137\000u\000t\000i\000l\000s\000.\000c\000\040\000F\000i\000l\000e\000\040\000R\000e\000f\000e\000r\000e\000n\000c\000e}{chapter.5}% 114
\BOOKMARK [2][-]{subsection.5.20.1}{\376\377\0005\000.\0002\0000\000.\0001\000\040\000D\000e\000t\000a\000i\000l\000e\000d\000\040\000D\000e\000s\000c\000r\000i\000p\000t\000i\000o\000n}{section.5.20}% 115
\BOOKMARK [2][-]{subsection.5.20.2}{\376\377\0005\000.\0002\0000\000.\0002\000\040\000F\000u\000n\000c\000t\000i\000o\000n\000\040\000D\000o\000c\000u\000m\000e\000n\000t\000a\000t\000i\000o\000n}{section.5.20}% 116
\BOOKMARK [3][-]{subsubsection.5.20.2.1}{\376\377\0005\000.\0002\0000\000.\0002\000.\0001\000\040\000c\000l\000e\000a\000n\000u\000p\000\137\000g\000a\000s\000p\000i\000\137\000s\000e\000g\000m\000e\000n\000t\000s\000\050\000\051}{subsection.5.20.2}% 117
\BOOKMARK [3][-]{subsubsection.5.20.2.2}{\376\377\0005\000.\0002\0000\000.\0002\000.\0002\000\040\000i\000n\000i\000t\000\137\000g\000a\000s\000p\000i\000\137\000s\000e\000g\000m\000e\000n\000t\000s\000\050\000\051}{subsection.5.20.2}% 118
\BOOKMARK [1][-]{section.5.21}{\376\377\0005\000.\0002\0001\000\040\000g\000a\000s\000p\000i\000\137\000u\000t\000i\000l\000s\000.\000c}{chapter.5}% 119
\BOOKMARK [1][-]{section.5.22}{\376\377\0005\000.\0002\0002\000\040\000h\000a\000s\000h\000\137\000t\000a\000b\000l\000e\000.\000c\000\040\000F\000i\000l\000e\000\040\000R\000e\000f\000e\000r\000e\000n\000c\000e}{chapter.5}% 120
\BOOKMARK [2][-]{subsection.5.22.1}{\376\377\0005\000.\0002\0002\000.\0001\000\040\000D\000e\000t\000a\000i\000l\000e\000d\000\040\000D\000e\000s\000c\000r\000i\000p\000t\000i\000o\000n}{section.5.22}% 121
\BOOKMARK [2][-]{subsection.5.22.2}{\376\377\0005\000.\0002\0002\000.\0002\000\040\000F\000u\000n\000c\000t\000i\000o\000n\000\040\000D\000o\000c\000u\000m\000e\000n\000t\000a\000t\000i\000o\000n}{section.5.22}% 122
\BOOKMARK [3][-]{subsubsection.5.22.2.1}{\376\377\0005\000.\0002\0002\000.\0002\000.\0001\000\040\000c\000l\000e\000a\000r\000\137\000h\000a\000s\000h\000\137\000t\000a\000b\000l\000e\000\050\000\051}{subsection.5.22.2}% 123
\BOOKMARK [3][-]{subsubsection.5.22.2.2}{\376\377\0005\000.\0002\0002\000.\0002\000.\0002\000\040\000f\000i\000n\000d\000\137\000w\000o\000r\000d\000\050\000\051}{subsection.5.22.2}% 124
\BOOKMARK [3][-]{subsubsection.5.22.2.3}{\376\377\0005\000.\0002\0002\000.\0002\000.\0003\000\040\000h\000a\000s\000h\000\137\000f\000u\000n\000c\000\050\000\051}{subsection.5.22.2}% 125
\BOOKMARK [3][-]{subsubsection.5.22.2.4}{\376\377\0005\000.\0002\0002\000.\0002\000.\0004\000\040\000i\000n\000s\000e\000r\000t\000\137\000w\000o\000r\000d\000\050\000\051}{subsection.5.22.2}% 126
\BOOKMARK [3][-]{subsubsection.5.22.2.5}{\376\377\0005\000.\0002\0002\000.\0002\000.\0005\000\040\000t\000o\000\137\000l\000o\000w\000e\000r\000\050\000\051}{subsection.5.22.2}% 127
\BOOKMARK [2][-]{subsection.5.22.3}{\376\377\0005\000.\0002\0002\000.\0003\000\040\000V\000a\000r\000i\000a\000b\000l\000e\000\040\000D\000o\000c\000u\000m\000e\000n\000t\000a\000t\000i\000o\000n}{section.5.22}% 128
\BOOKMARK [3][-]{subsubsection.5.22.3.1}{\376\377\0005\000.\0002\0002\000.\0003\000.\0001\000\040\000h\000a\000s\000h\000\137\000t\000a\000b\000l\000e}{subsection.5.22.3}% 129
\BOOKMARK [1][-]{section.5.23}{\376\377\0005\000.\0002\0003\000\040\000h\000a\000s\000h\000\137\000t\000a\000b\000l\000e\000.\000c}{chapter.5}% 130
\BOOKMARK [1][-]{section.5.24}{\376\377\0005\000.\0002\0004\000\040\000m\000a\000i\000n\000.\000c\000\040\000F\000i\000l\000e\000\040\000R\000e\000f\000e\000r\000e\000n\000c\000e}{chapter.5}% 131
\BOOKMARK [2][-]{subsection.5.24.1}{\376\377\0005\000.\0002\0004\000.\0001\000\040\000D\000e\000t\000a\000i\000l\000e\000d\000\040\000D\000e\000s\000c\000r\000i\000p\000t\000i\000o\000n}{section.5.24}% 132
\BOOKMARK [2][-]{subsection.5.24.2}{\376\377\0005\000.\0002\0004\000.\0002\000\040\000F\000u\000n\000c\000t\000i\000o\000n\000\040\000D\000o\000c\000u\000m\000e\000n\000t\000a\000t\000i\000o\000n}{section.5.24}% 133
\BOOKMARK [3][-]{subsubsection.5.24.2.1}{\376\377\0005\000.\0002\0004\000.\0002\000.\0001\000\040\000m\000a\000i\000n\000\050\000\051}{subsection.5.24.2}% 134
\BOOKMARK [1][-]{section.5.25}{\376\377\0005\000.\0002\0005\000\040\000m\000a\000i\000n\000.\000c}{chapter.5}% 135
\BOOKMARK [1][-]{section.5.26}{\376\377\0005\000.\0002\0006\000\040\000m\000a\000n\000a\000g\000e\000r\000.\000c\000\040\000F\000i\000l\000e\000\040\000R\000e\000f\000e\000r\000e\000n\000c\000e}{chapter.5}% 136
\BOOKMARK [2][-]{subsection.5.26.1}{\376\377\0005\000.\0002\0006\000.\0001\000\040\000D\000e\000t\000a\000i\000l\000e\000d\000\040\000D\000e\000s\000c\000r\000i\000p\000t\000i\000o\000n}{section.5.26}% 137
\BOOKMARK [2][-]{subsection.5.26.2}{\376\377\0005\000.\0002\0006\000.\0002\000\040\000F\000u\000n\000c\000t\000i\000o\000n\000\040\000D\000o\000c\000u\000m\000e\000n\000t\000a\000t\000i\000o\000n}{section.5.26}% 138
\BOOKMARK [3][-]{subsubsection.5.26.2.1}{\376\377\0005\000.\0002\0006\000.\0002\000.\0001\000\040\000m\000a\000n\000a\000g\000e\000r\000\050\000\051}{subsection.5.26.2}% 139
\BOOKMARK [1][-]{section.5.27}{\376\377\0005\000.\0002\0007\000\040\000m\000a\000n\000a\000g\000e\000r\000.\000c}{chapter.5}% 140
\BOOKMARK [1][-]{section.5.28}{\376\377\0005\000.\0002\0008\000\040\000w\000o\000r\000k\000e\000r\000.\000c\000\040\000F\000i\000l\000e\000\040\000R\000e\000f\000e\000r\000e\000n\000c\000e}{chapter.5}% 141
\BOOKMARK [2][-]{subsection.5.28.1}{\376\377\0005\000.\0002\0008\000.\0001\000\040\000D\000e\000t\000a\000i\000l\000e\000d\000\040\000D\000e\000s\000c\000r\000i\000p\000t\000i\000o\000n}{section.5.28}% 142
\BOOKMARK [2][-]{subsection.5.28.2}{\376\377\0005\000.\0002\0008\000.\0002\000\040\000F\000u\000n\000c\000t\000i\000o\000n\000\040\000D\000o\000c\000u\000m\000e\000n\000t\000a\000t\000i\000o\000n}{section.5.28}% 143
\BOOKMARK [3][-]{subsubsection.5.28.2.1}{\376\377\0005\000.\0002\0008\000.\0002\000.\0001\000\040\000w\000o\000r\000k\000e\000r\000\050\000\051}{subsection.5.28.2}% 144
\BOOKMARK [1][-]{section.5.29}{\376\377\0005\000.\0002\0009\000\040\000w\000o\000r\000k\000e\000r\000.\000c}{chapter.5}% 145
\BOOKMARK [0][-]{section*.83}{\376\377\000I\000n\000d\000e\000x}{}% 146
